IQ-TREE multicore version 1.6.12 for Linux 64-bit built Aug 15 2019
Developed by Bui Quang Minh, Nguyen Lam Tung, Olga Chernomor,
Heiko Schmidt, Dominik Schrempf, Michael Woodhams.

Host:    fermat (AVX2, FMA3, 1009 GB RAM)
Command: ../../iqtree -s sarbecovirus_alignment_2020_boni_etal_nrr1_v2_tip_labels_edited.fasta -st DNA -m HKY+I+G4+F
Seed:    934804 (Using SPRNG - Scalable Parallel Random Number Generator)
Time:    Tue Jun 29 18:33:47 2021
Kernel:  AVX+FMA - 1 threads (128 CPU cores detected)

HINT: Use -nt option to specify number of threads because your CPU has 128 cores!
HINT: -nt AUTO will automatically determine the best number of threads to use.

Reading alignment file sarbecovirus_alignment_2020_boni_etal_nrr1_v2_tip_labels_edited.fasta ... Fasta format detected
Alignment most likely contains DNA/RNA sequences
WARNING: 23 sites contain only gaps or ambiguous characters.
Alignment has 63 sequences with 13081 columns, 3850 distinct patterns
4600 parsimony-informative, 872 singleton sites, 7609 constant sites
                                                                       Gap/Ambiguity  Composition  p-value
   1  RpShaanxi2011.Bat-R_pusillus.Shaanxi.JX993987.2011-09                    0.71%    failed      2.77%
   2  HuB2013.Bat-Bat-R_sinicus.Hubei.KJ473814.2013-04                         0.71%    passed     44.45%
   3  279_2005.Bat-R_macrotis.Hubei.DQ648857.2004-11                           0.50%    passed     60.99%
   4  Rm1.Bat-R_macrotis.Hubei.DQ412043.2004-11                                0.50%    passed     55.25%
   5  JL2012.Bat-R_ferrumequinum.Jilin.KJ473811.2012-10                        0.73%    passed     46.47%
   6  JTMC15.Bat-R_ferrumequinum.Jilin.KU182964.2013-10                        5.16%    passed     33.57%
   7  HeB2013.Bat-R_ferrumequinum.Hebei.KJ473812.2013-04                       0.73%    passed     26.59%
   8  SX2013.Bat-R_ferrumequinum.Shanxi.KJ473813.2013-11                       0.73%    passed     38.10%
   9  Jiyuan-84.Bat-R_ferrumequinum.Henan-Jiyuan.KY770860.2012                 0.73%    passed     15.84%
  10  GX2013.Bat-R_sinicus.Guangxi.KJ473815.2012-11                            0.69%    passed     99.66%
  11  Rp3.Bat-R_pearsoni.Guangxi-Nanning.DQ071615.2004-12                      0.69%    passed     99.95%
  12  Rf4092.Bat-R_ferrumequinum.Yunnan-Kunming.KY417145.2012-09-18            0.69%    passed     99.10%
  13  Rs4231.Bat-R_sinicus.Yunnan-Kunming.KY417146.2013-04-17                  0.69%    passed     98.69%
  14  WIV16.Bat-R_sinicus.Yunnan-Kunming.KT444582.2013-07-21                   0.69%    passed     95.66%
  15  Rs4874.Bat-R_sinicus.Yunnan-Kunming.KY417150.2013-07-21                  0.69%    passed     95.82%
  16  YN2018B.Bat-R_affinis.Yunnan.MK211376.2016-09                            0.69%    passed     97.96%
  17  Rs7327.Bat-R_sinicus.Yunnan--Kunming.KY417151.2014-10-24                 0.69%    passed     95.11%
  18  Rs9401.Bat-R_sinicus.Yunnan-Kunming.KY417152.2015-10-16                  0.69%    passed     99.87%
  19  Rs4084.Bat-R_sinicus.Yunnan-Kunming.KY417144.2012-09-18                  0.69%    passed     87.69%
  20  RsSHC014.Bat-R_sinicus.Yunnan-Kunming.KC881005.2011-04-17                0.71%    passed     84.95%
  21  Rs3367.Bat-R_sinicus.Yunnan-Kunming.KC881006.2012-03-19                  0.69%    passed     97.71%
  22  WIV1.Bat-R_sinicus.Yunnan-Kunming.KF367457.2012-09                       0.69%    passed     97.56%
  23  YN2018C.Bat-R_affinis.Yunnan-Kunming.MK211377.2016-09                    0.69%    passed     97.37%
  24  As6526.Bat-Aselliscus_stoliczkanus.Yunnan-Kunming.KY417142.2014-05-12    0.69%    passed     97.96%
  25  YN2018D.Bat-R_affinis.Yunnan.MK211378.2016-09                            0.69%    passed     91.91%
  26  Rs4081.Bat-R_sinicus.Yunnan-Kunming.KY417143.2012-09-18                  0.69%    passed     92.07%
  27  Rs4255.Bat-R_sinicus.Yunnan-Kunming.KY417149.2013-04-17                  0.69%    passed     97.68%
  28  Rs4237.Bat-R_sinicus.Yunnan-Kunming.KY417147.2013-04-17                  0.69%    passed     99.26%
  29  Rs4247.Bat-R_sinicus.Yunnan-Kunming.KY417148.2013-04-17                  0.69%    passed     95.93%
  30  Rs672.Bat-R_sinicus.Guizhou.FJ588686.2006-09                             5.11%    passed     80.46%
  31  YN2018A.Bat-R_affinis.Yunnan.MK211375.2016-09                            0.69%    passed     94.54%
  32  YN2013.Bat-R_sinicus.Yunnan.KJ473816.2010-12                             0.69%    passed     98.10%
  33  Anlong-103.Bat-R_sinicus.Guizhou-Anlong.KY770858.2013                    0.69%    passed     85.02%
  34  Anlong-112.Bat-R_sinicus.Guizhou-Anlong.KY770859.2013                    0.69%    passed     86.43%
  35  HSZ-Cc.SARS-CoV-1.Guangzhou.AY394995.2002                                0.69%    passed     99.54%
  36  YNLF_31C.Bat-R_Ferrumequinum.Yunnan-Lufeng.KP886808.2013-05-23           0.69%    passed     99.00%
  37  YNLF_34C.Bat-R_Ferrumequinum.Yunnan-Lufeng.KP886809.2013-05-23           0.69%    passed     98.74%
  38  F46.Bat-R_pusillus.Yunnan.KU973692.2012                                  0.71%    passed     91.58%
  39  LYRa11.Bat-R_affinis.Yunnan-Baoshan.KF569996.2011                        0.71%    passed     80.94%
  40  Yunnan2011.Bat-Chaerephon_plicata.Yunnan.JX993988.2011-11                0.69%    passed     97.41%
  41  Longquan_140.Bat-R_monoceros.China.KF294457.2012                         0.71%    passed     64.28%
  42  HKU3-1.Bat-R_sinicus.Hong_Kong.DQ022305.2005-02-17                       0.71%    passed     18.05%
  43  HKU3-3.Bat-R_sinicus.Hong_Kong.DQ084200.2005-03-17                       0.71%    passed     18.05%
  44  HKU3-2.Bat-R_sinicus.Hong_Kong.DQ084199.2005-02-24                       0.71%    passed     17.87%
  45  HKU3-4.Bat-R_sinicus.Hong_Kong.GQ153539.2005-07-20                       0.71%    passed     18.29%
  46  HKU3-5.Bat-R_sinicus.Hong_Kong.GQ153540.2005-09-20                       0.71%    passed     17.87%
  47  HKU3-6.Bat-R_sinicus.Hong_Kong.GQ153541.2005-12-16                       0.71%    passed     16.34%
  48  HKU3-10.Bat-R_sinicus.Hong_Kong.GQ153545.2006-10-28                      0.78%    passed     16.27%
  49  HKU3-9.Bat-R_sinicus.Hong_Kong.GQ153544.2006-10-28                       0.78%    passed     16.27%
  50  HKU3-11.Bat-R_sinicus.Hong_King.GQ153546.2007-03-07                      0.78%    passed     16.27%
  51  HKU3-13.Bat-R_sinicus.Hong_Kong.GQ153548.2007-11-15                      0.78%    passed     17.22%
  52  HKU3-12.Bat-R_sinicus.Hong_Kong.GQ153547.2007-05-15                      0.71%    passed     29.28%
  53  HKU3-7.Bat-R_sinicus.Guangdong.GQ153542.2006-02-15                       0.71%    passed     32.59%
  54  HKU3-8.Bat-R_sinicus.Guangdong.GQ153543.2006-02-15                       0.71%    passed     33.84%
  55  Wuhan-Hu-1.SARS-CoV-2.Wuhan.MN908947.2019-12                             0.67%    failed      0.00%
  56  BtKY72.Bat-R_spp.Kenya.KY352407.2007-10                                  0.94%    failed      0.00%
  57  RaTG13.Bat-R_affinis.Yunnan.EPI_ISL_402131.2013-07-24                    0.67%    failed      0.00%
  58  P4L.pangolin.Guangxi.EPI_ISL_410538.2017                                 0.67%    failed      0.00%
  59  P5L.pangolin.Guangxi.EPI_ISL_410540.2017                                 0.67%    failed      0.00%
  60  P5E.pangolin.Guangxi.EPI_ISL_410541.2017                                 0.67%    failed      0.00%
  61  P1E.pangolin.Guangxi.EPI_ISL_410539.2017                                 0.67%    failed      0.00%
  62  P2V.pangolin.Guangxi.EPI_ISL_410542.2017                                 0.70%    failed      0.00%
  63  1.pangolin.Guandong.EPI_ISL_410721.2020-02-16                            0.65%    failed      0.00%
****  TOTAL                                                                    0.84%  10 sequences failed composition chi2 test (p-value<5%; df=3)
NOTE: HKU3-3.Bat-R_sinicus.Hong_Kong.DQ084200.2005-03-17 is identical to HKU3-1.Bat-R_sinicus.Hong_Kong.DQ022305.2005-02-17 but kept for subsequent analysis
NOTE: HKU3-5.Bat-R_sinicus.Hong_Kong.GQ153540.2005-09-20 is identical to HKU3-2.Bat-R_sinicus.Hong_Kong.DQ084199.2005-02-24 but kept for subsequent analysis
NOTE: HKU3-9.Bat-R_sinicus.Hong_Kong.GQ153544.2006-10-28 is identical to HKU3-10.Bat-R_sinicus.Hong_Kong.GQ153545.2006-10-28 but kept for subsequent analysis

Create initial parsimony tree by phylogenetic likelihood library (PLL)... 0.025 seconds

NOTE: 31 MB RAM (0 GB) is required!
Estimate model parameters (epsilon = 0.100)
Thoroughly optimizing +I+G parameters from 10 start values...
Init pinv, alpha: 0.000, 1.000 / Estimate: 0.000, 0.250 / LogL: -91285.775
Init pinv, alpha: 0.065, 1.000 / Estimate: 0.374, 0.579 / LogL: -91132.013
Init pinv, alpha: 0.129, 1.000 / Estimate: 0.374, 0.579 / LogL: -91132.031
Init pinv, alpha: 0.194, 1.000 / Estimate: 0.375, 0.580 / LogL: -91131.997
Init pinv, alpha: 0.259, 1.000 / Estimate: 0.375, 0.579 / LogL: -91132.044
Init pinv, alpha: 0.323, 1.000 / Estimate: 0.375, 0.581 / LogL: -91132.021
Init pinv, alpha: 0.388, 1.000 / Estimate: 0.393, 0.622 / LogL: -91131.345
Init pinv, alpha: 0.452, 1.000 / Estimate: 0.407, 0.660 / LogL: -91131.860
Init pinv, alpha: 0.517, 1.000 / Estimate: 0.408, 0.661 / LogL: -91131.932
Init pinv, alpha: 0.582, 1.000 / Estimate: 0.408, 0.662 / LogL: -91132.005
Optimal pinv,alpha: 0.393, 0.622 / LogL: -91131.345

Parameters optimization took 68.577 sec
Computing ML distances based on estimated model parameters... 0.148 sec
Computing BIONJ tree...
0.049 seconds
Log-likelihood of BIONJ tree: -91248.632
--------------------------------------------------------------------
|             INITIALIZING CANDIDATE TREE SET                      |
--------------------------------------------------------------------
Generating 98 parsimony trees... 2.716 second
Computing log-likelihood of 98 initial trees ... 8.978 seconds
Current best score: -91131.345

Do NNI search on 20 best initial trees
Estimate model parameters (epsilon = 0.100)
BETTER TREE FOUND at iteration 1: -91131.341
Iteration 10 / LogL: -91131.468 / Time: 0h:1m:28s
Iteration 20 / LogL: -91131.468 / Time: 0h:1m:31s
Finish initializing candidate tree set (7)
Current best tree score: -91131.341 / CPU time: 21.645
Number of iterations: 20
--------------------------------------------------------------------
|               OPTIMIZING CANDIDATE TREE SET                      |
--------------------------------------------------------------------
Iteration 30 / LogL: -91131.600 / Time: 0h:1m:44s (0h:4m:15s left)
Iteration 40 / LogL: -91195.746 / Time: 0h:1m:54s (0h:2m:58s left)
Iteration 50 / LogL: -91149.423 / Time: 0h:2m:4s (0h:2m:9s left)
Iteration 60 / LogL: -91131.706 / Time: 0h:2m:13s (0h:1m:32s left)
Iteration 70 / LogL: -91136.745 / Time: 0h:2m:24s (0h:1m:4s left)
Iteration 80 / LogL: -91140.858 / Time: 0h:2m:34s (0h:0m:40s left)
Iteration 90 / LogL: -91164.578 / Time: 0h:2m:45s (0h:0m:20s left)
Iteration 100 / LogL: -91131.598 / Time: 0h:2m:55s (0h:0m:1s left)
TREE SEARCH COMPLETED AFTER 102 ITERATIONS / Time: 0h:2m:57s

--------------------------------------------------------------------
|                    FINALIZING TREE SEARCH                        |
--------------------------------------------------------------------
Performs final model parameters optimization
Estimate model parameters (epsilon = 0.010)
1. Initial log-likelihood: -91131.341
Optimal log-likelihood: -91131.341
Rate parameters:  A-C: 1.00000  A-G: 8.40323  A-T: 1.00000  C-G: 1.00000  C-T: 8.40323  G-T: 1.00000
Base frequencies:  A: 0.280  C: 0.192  G: 0.208  T: 0.319
Proportion of invariable sites: 0.393
Gamma shape alpha: 0.622
Parameters optimization took 1 rounds (0.190 sec)
BEST SCORE FOUND : -91131.341
Total tree length: 2.094

Total number of iterations: 102
CPU time used for tree search: 98.872 sec (0h:1m:38s)
Wall-clock time used for tree search: 104.417 sec (0h:1m:44s)
Total CPU time used: 166.336 sec (0h:2m:46s)
Total wall-clock time used: 177.744 sec (0h:2m:57s)

Analysis results written to:
  IQ-TREE report:                sarbecovirus_alignment_2020_boni_etal_nrr1_v2_tip_labels_edited.fasta.iqtree
  Maximum-likelihood tree:       sarbecovirus_alignment_2020_boni_etal_nrr1_v2_tip_labels_edited.fasta.treefile
  Likelihood distances:          sarbecovirus_alignment_2020_boni_etal_nrr1_v2_tip_labels_edited.fasta.mldist
  Screen log file:               sarbecovirus_alignment_2020_boni_etal_nrr1_v2_tip_labels_edited.fasta.log

Date and Time: Tue Jun 29 18:36:50 2021
