IQ-TREE multicore version 1.6.12 for Linux 64-bit built Aug 15 2019
Developed by Bui Quang Minh, Nguyen Lam Tung, Olga Chernomor,
Heiko Schmidt, Dominik Schrempf, Michael Woodhams.

Host:    rabi (SSE4.2, 15 GB RAM)
Command: ../../iqtree -s sars_cov_1_alignment_2020_boni_etal_rec_del_v3_with_outgroup_trimmed.fasta -st DNA -m HKY+I+G4+F
Seed:    278650 (Using SPRNG - Scalable Parallel Random Number Generator)
Time:    Thu Jun 24 01:14:18 2021
Kernel:  SSE2 - 1 threads (24 CPU cores detected)

HINT: Use -nt option to specify number of threads because your CPU has 24 cores!
HINT: -nt AUTO will automatically determine the best number of threads to use.

Reading alignment file sars_cov_1_alignment_2020_boni_etal_rec_del_v3_with_outgroup_trimmed.fasta ... Fasta format detected
Alignment most likely contains DNA/RNA sequences
Alignment has 70 sequences with 29740 columns, 526 distinct patterns
199 parsimony-informative, 2322 singleton sites, 27219 constant sites
                                       Gap/Ambiguity  Composition  p-value
   1  AY568539_HuCoV_GZ0401_2003.96            0.50%    passed     99.54%
   2  AY613947_HuCoV_GZ0402_2004.04            0.11%    passed     99.88%
   3  AY515512_CivetCoV_HC_SZ_61_03_2003.96    0.03%    passed     99.67%
   4  AY686864_CivetCoV_B039_2004.04           0.72%    passed     99.98%
   5  AY686863_CivetCoV_A022_2004.04           0.81%    passed     99.96%
   6  AY572034_CivetCoV_civet007_2004.04       0.67%    passed     99.96%
   7  AY572038_CivetCoV_civet020_2004.04       0.19%    passed     99.84%
   8  AY545918_CivetCoV_HC_GZ_32_03_2004.13    0.06%    passed     99.78%
   9  AY613948_CivetCoV_PC4-13_2004.04         0.11%    passed     99.88%
  10  AY613949_CivetCoV_PC4-136_2004.04        0.11%    passed     99.68%
  11  AY613950_CivetCoV_PC4-227_2004.04        0.12%    passed     99.87%
  12  AY278489_HuCoV_GD01_2003.21              0.00%    passed     99.91%
  13  AY278488_HuCoV_BJ01_2003.21              0.11%    passed     99.99%
  14  AY278487_HuCoV_BJ02_2003.21              0.10%    passed     99.96%
  15  AY278490_HuCoV_BJ03_2003.21              0.10%    passed     99.82%
  16  AY279354_HuCoV_BJ04_2003.21              0.10%    passed     99.98%
  17  AY714217_HuCoV_CDC200301157_2003.21      0.10%    passed    100.00%
  18  AY427439_HuCoV_AS_2003.21                0.10%    passed     99.99%
  19  AY345986_HuCoV_CUHK-AG01_2003.21         0.10%    passed    100.00%
  20  AY345987_HuCoV_CUHK-AG02_2003.21         0.10%    passed    100.00%
  21  AY345988_HuCoV_CUHK-AG03_2003.21         0.10%    passed    100.00%
  22  AY282752_HuCoV_CUHK-Su10_2003.21         0.10%    passed     99.99%
  23  AY278554_HuCoV_CUHK-W1_2003.21           0.10%    passed    100.00%
  24  AY310120_HuCoV_FRA_2003.21               0.10%    passed     99.95%
  25  AY291315_HuCoV_Frankfurt1_2003.21        0.10%    passed     99.95%
  26  AY313906_HuCoV_GD69_2003.37              0.10%    passed     99.96%
  27  AY394978_HuCoV_GZ-B_2003.21              0.42%    passed     99.94%
  28  AY394979_HuCoV_GZ-C_2003.21              0.40%    passed     99.91%
  29  AY390556_HuCoV_GZ02_2003.13              0.00%    passed     99.89%
  30  AY304495_HuCoV_GZ50_2003.13              0.10%    passed    100.00%
  31  AY278491_HuCoV_HKU-39849_2003.21         0.10%    passed     99.97%
  32  AY323977_HuCoV_HSR_1_2003.29             0.10%    passed     99.99%
  33  AY394999_HuCoV_LC2_2003.37               1.40%    passed     99.99%
  34  AY395000_HuCoV_LC3_2003.37               1.40%    passed     99.99%
  35  AY395001_HuCoV_LC4_2003.37               1.40%    passed     99.99%
  36  AY395002_HuCoV_LC5_2003.37               1.40%    passed     99.99%
  37  AY283795_HuCoV_Sin2677_2003.21           0.12%    passed     99.99%
  38  AY283797_HuCoV_Sin2748_2003.21           0.12%    passed     99.99%
  39  AY283794_HuCoV_Sin2500_2003.13           0.10%    passed     99.99%
  40  AY283796_HuCoV_Sin2679_2003.21           0.10%    passed     99.99%
  41  AY283798_HuCoV_Sin2774_2003.21           0.10%    passed     99.98%
  42  AY559087_HuCoV_Sin3725V_2003.29          0.11%    passed     99.97%
  43  AY559084_HuCoV_Sin3765V_2003.29          0.10%    passed     99.99%
  44  AY559081_HuCoV_Sin842_2003.29            0.10%    passed     99.98%
  45  AY559093_HuCoV_Sin845_2003.29            0.10%    passed     99.99%
  46  AY559094_HuCoV_Sin846_2003.21            0.56%    passed     99.91%
  47  AY559085_HuCoV_Sin848_2003.29            0.10%    passed     99.99%
  48  AY559096_HuCoV_Sin850_2003.29            0.10%    passed     99.94%
  49  AY559082_HuCoV_Sin852_2003.29            0.29%    passed     99.99%
  50  AY559086_HuCoV_Sin849_2003.29            0.27%    passed     99.99%
  51  AY304488_CivetCoV_SZ16_2003.37           0.03%    passed     99.97%
  52  AY304486_CivetCoV_SZ3_2003.37            0.00%    passed     99.95%
  53  AY338174_HuCoV_TC1_2003.21               0.56%    passed     99.99%
  54  AY274119_HuCoV_TOR2_2003.29              0.10%    passed    100.00%
  55  AY291451_HuCoV_TW1_2003.21               0.10%    passed     99.99%
  56  AY502923_HuCoV_TW10_2003.37              0.10%    passed     99.98%
  57  AY502924_HuCoV_TW11_2003.37              0.11%    passed     99.95%
  58  AY502925_HuCoV_TW2_2003.21               0.10%    passed     99.99%
  59  AY502926_HuCoV_TW3_2003.21               0.10%    passed     99.99%
  60  AY502927_HuCoV_TW4_2003.21               0.10%    passed     99.99%
  61  AY502928_HuCoV_TW5_2003.21               0.10%    passed    100.00%
  62  AY502929_HuCoV_TW6_2003.29               0.10%    passed    100.00%
  63  AY502930_HuCoV_TW7_2003.29               0.10%    passed     99.99%
  64  AY502931_HuCoV_TW8_2003.29               0.10%    passed    100.00%
  65  AY502932_HuCoV_TW9_2003.37               0.10%    passed     99.99%
  66  AY321118_HuCoV_TWC_2003.21               0.10%    passed    100.00%
  67  AY278741_HuCoV_Urbani_2003.21            0.10%    passed     99.99%
  68  AY394850_HuCoV_WHU_2003.21               0.10%    passed    100.00%
  69  AY297028_HuCoV_ZJ01_2003.21             13.38%    passed     99.25%
  70  DQ071615_BatCoV_Rp3                      0.39%    passed     65.47%
****  TOTAL                                    0.42%  0 sequences failed composition chi2 test (p-value<5%; df=3)
NOTE: AY345987_HuCoV_CUHK-AG02_2003.21 is identical to AY345986_HuCoV_CUHK-AG01_2003.21 but kept for subsequent analysis
NOTE: AY291315_HuCoV_Frankfurt1_2003.21 is identical to AY310120_HuCoV_FRA_2003.21 but kept for subsequent analysis
NOTE: AY395001_HuCoV_LC4_2003.37 is identical to AY395000_HuCoV_LC3_2003.37 but kept for subsequent analysis
NOTE: AY502925_HuCoV_TW2_2003.21 is identical to AY291451_HuCoV_TW1_2003.21 but kept for subsequent analysis
NOTE: 1 identical sequences (see below) will be ignored for subsequent analysis
NOTE: AY502929_HuCoV_TW6_2003.29 (identical to AY345986_HuCoV_CUHK-AG01_2003.21) is ignored but added at the end

For your convenience alignment with unique sequences printed to sars_cov_1_alignment_2020_boni_etal_rec_del_v3_with_outgroup_trimmed.fasta.uniqueseq.phy

Create initial parsimony tree by phylogenetic likelihood library (PLL)... 0.017 seconds

NOTE: 4 MB RAM (0 GB) is required!
Estimate model parameters (epsilon = 0.100)
Thoroughly optimizing +I+G parameters from 10 start values...
Init pinv, alpha: 0.000, 1.000 / Estimate: 0.000, 0.157 / LogL: -55156.377
Init pinv, alpha: 0.102, 1.000 / Estimate: 0.101, 0.216 / LogL: -55155.363
Init pinv, alpha: 0.203, 1.000 / Estimate: 0.203, 0.288 / LogL: -55154.413
Init pinv, alpha: 0.305, 1.000 / Estimate: 0.304, 0.386 / LogL: -55153.533
Init pinv, alpha: 0.407, 1.000 / Estimate: 0.406, 0.537 / LogL: -55152.794
Init pinv, alpha: 0.508, 1.000 / Estimate: 0.508, 0.816 / LogL: -55152.359
Init pinv, alpha: 0.610, 1.000 / Estimate: 0.611, 1.466 / LogL: -55152.700
Init pinv, alpha: 0.712, 1.000 / Estimate: 0.714, 5.171 / LogL: -55155.897
Init pinv, alpha: 0.814, 1.000 / Estimate: 0.753, 44.927 / LogL: -55160.780
Init pinv, alpha: 0.915, 1.000 / Estimate: 0.761, 998.495 / LogL: -55166.371
Optimal pinv,alpha: 0.508, 0.816 / LogL: -55152.359

Parameters optimization took 15.364 sec
Computing ML distances based on estimated model parameters... 0.047 sec
Computing BIONJ tree...
0.029 seconds
Log-likelihood of BIONJ tree: -55232.086
--------------------------------------------------------------------
|             INITIALIZING CANDIDATE TREE SET                      |
--------------------------------------------------------------------
Generating 98 parsimony trees... 1.951 second
Computing log-likelihood of 98 initial trees ... 3.937 seconds
Current best score: -55151.961

Do NNI search on 20 best initial trees
Estimate model parameters (epsilon = 0.100)
BETTER TREE FOUND at iteration 1: -55150.667
Estimate model parameters (epsilon = 0.100)
BETTER TREE FOUND at iteration 3: -55150.653
Iteration 10 / LogL: -55150.666 / Time: 0h:0m:23s
Estimate model parameters (epsilon = 0.100)
BETTER TREE FOUND at iteration 14: -55150.638
Iteration 20 / LogL: -55150.658 / Time: 0h:0m:25s
Finish initializing candidate tree set (20)
Current best tree score: -55150.638 / CPU time: 10.254
Number of iterations: 20
--------------------------------------------------------------------
|               OPTIMIZING CANDIDATE TREE SET                      |
--------------------------------------------------------------------
Iteration 30 / LogL: -55150.733 / Time: 0h:0m:29s (0h:1m:24s left)
Iteration 40 / LogL: -55155.123 / Time: 0h:0m:33s (0h:1m:2s left)
Iteration 50 / LogL: -55168.103 / Time: 0h:0m:36s (0h:0m:47s left)
Iteration 60 / LogL: -55150.750 / Time: 0h:0m:39s (0h:0m:36s left)
Iteration 70 / LogL: -55150.754 / Time: 0h:0m:43s (0h:0m:27s left)
Iteration 80 / LogL: -55150.668 / Time: 0h:0m:46s (0h:0m:19s left)
Iteration 90 / LogL: -55150.695 / Time: 0h:0m:49s (0h:0m:13s left)
Iteration 100 / LogL: -55150.651 / Time: 0h:0m:53s (0h:0m:7s left)
Iteration 110 / LogL: -55150.687 / Time: 0h:0m:56s (0h:0m:2s left)
TREE SEARCH COMPLETED AFTER 115 ITERATIONS / Time: 0h:0m:58s

--------------------------------------------------------------------
|                    FINALIZING TREE SEARCH                        |
--------------------------------------------------------------------
Performs final model parameters optimization
Estimate model parameters (epsilon = 0.010)
1. Initial log-likelihood: -55150.638
Optimal log-likelihood: -55150.638
Rate parameters:  A-C: 1.00000  A-G: 5.10803  A-T: 1.00000  C-G: 1.00000  C-T: 5.10803  G-T: 1.00000
Base frequencies:  A: 0.284  C: 0.200  G: 0.208  T: 0.307
Proportion of invariable sites: 0.508
Gamma shape alpha: 0.799
Parameters optimization took 1 rounds (0.116 sec)
BEST SCORE FOUND : -55150.638
Total tree length: 0.112

Total number of iterations: 115
CPU time used for tree search: 42.746 sec (0h:0m:42s)
Wall-clock time used for tree search: 42.932 sec (0h:0m:42s)
Total CPU time used: 58.345 sec (0h:0m:58s)
Total wall-clock time used: 58.759 sec (0h:0m:58s)

Analysis results written to: 
  IQ-TREE report:                sars_cov_1_alignment_2020_boni_etal_rec_del_v3_with_outgroup_trimmed.fasta.iqtree
  Maximum-likelihood tree:       sars_cov_1_alignment_2020_boni_etal_rec_del_v3_with_outgroup_trimmed.fasta.treefile
  Likelihood distances:          sars_cov_1_alignment_2020_boni_etal_rec_del_v3_with_outgroup_trimmed.fasta.mldist
  Screen log file:               sars_cov_1_alignment_2020_boni_etal_rec_del_v3_with_outgroup_trimmed.fasta.log

Date and Time: Thu Jun 24 01:15:18 2021
